  DrawSystem.cpp
C:\Users\ilyin\GitHub\goto2020_game2048\goto2020_game2048\goto2020_game2048\DrawSystem.cpp(37,62): warning C4244: 'argument': conversion from 'double' to 'T', possible loss of data
          with
          [
              T=float
          ]
C:\Users\ilyin\GitHub\goto2020_game2048\goto2020_game2048\goto2020_game2048\DrawSystem.cpp(37,27): warning C4244: 'argument': conversion from 'double' to 'T', possible loss of data
          with
          [
              T=float
          ]
C:\Users\ilyin\GitHub\goto2020_game2048\goto2020_game2048\goto2020_game2048\DrawSystem.cpp(38,42): warning C4244: 'argument': conversion from 'double' to 'T', possible loss of data
          with
          [
              T=float
          ]
C:\Users\ilyin\GitHub\goto2020_game2048\goto2020_game2048\goto2020_game2048\DrawSystem.cpp(38,23): warning C4244: 'argument': conversion from 'double' to 'T', possible loss of data
          with
          [
              T=float
          ]
  Generating code
  0 of 830 functions ( 0.0%) were compiled, the rest were copied from previous compilation.
    0 functions were new in current compilation
    0 functions had inline decision re-evaluated but remain unchanged
  Finished generating code
  goto2020_game2048.vcxproj -> C:\Users\ilyin\GitHub\goto2020_game2048\goto2020_game2048\Release\goto2020_game2048.exe
